翻译

Flow Execution = 流程执行
not started = 未执行
Submit User = 提交者
Duration = 持续时间
Start Time = 开始时间
End Time = 结束时间

Project = 项目
Flow = 流程
Execution = 执行
Graph = 图形
Flow Trigger List = 流程触发列表
Job List = 任务列表
Flow Log = 流程日志
Stats = 状态
Pause = 暂停
Resume = 恢复
Kill = 杀死
Retry Failed = 失败重试
Prepare Execution = 准备执行

Trigger Instance Id = 触发实例ID
Submitted by = 提交者
Trigger Properties=触发器属性
Action = 操作
Dependencies = 依赖性
Close = 关闭
Dependency Name = 依赖名称
Dependency Type = 依赖类型
Cancellation Cause = 取消原因

Name = 名称
Type = 类型
Timeline = 时间轴
Details = 细节
Refresh = 刷新

No stats available = 无有效统计
Stats for this flow execution are not available = 这个流程执行统计未生效
Dismiss = 驳回

Quick Search = 快速搜索
Create Project = 创建项目
Personal = 私人的
Group = 团体的
Last modified on = 最后修改时间

No Viewable Projects = 无可见项目
Click Create Project to create a new project = 点击创建项目按钮新建一个项目
Description = 描述
Cancel = 取消

Scheduling = 调度
Executing = 执行
History = 历史
Flow Trigger Schedule = 流程触发调度
Documentation = 文档

Expire Trigger=终止触发
No Trigger Found = 无触发器

All Triggers = 所有触发器
Source = 来源

Statistics = 统计
Executor = 执行器
Metric = 指标
useStats  = 使用统计

Options = 选项
Alert Emails = 告警邮箱
Flow SLA Rules = 流程SLA规则

add Row = 添加行
All schedules are basead on the server timezone = 所有的调度都依赖服务器上的时区
Day of Month = 日期
Day of Week = 星期
Special Characters = 特殊字符
any value = 任意值
value list separators = 值分割符
range of values = 值范围
step values = 步长
Detailed instructions = 详细说明
Reset = 重置
Next 10 scheduled executions = 往后10次调度

Schedule Flow Options = 调度流程配置
General Options = 通用配置
Flow Options = 流程配置

Finish In = 结束
Schedule Time = 调度时间
Schedule Date = 调度日期
Recurrence = 循环
repeat every = 重复每

Completion Actions = 结束操作
Failure Action = 失败操作
Finish Current Running = 结束正在执行
Cancel All = 取消所有
Finish All Possible = 合理结束

Failure Email = 失败邮箱
Notify on Failure = 失败通知
First Failure = 首次失败
Flow Stop = 流程停止

Success Email = 成功邮箱
Concurrent Execution = 并发执行
Run Concurrently = 并发运行
Pipeline = 管道
Queue Job = 任务队列

Flow Property Override = 流程熟悉覆盖

Reset Pan Zoom = 重置缩放

Click column headers to sort = 点击列头排序
First Scheduled to Run = 首次调度时间
Next Execution Time = 下次调度时间

No scheduled flow found = 无调度流程

Inherited From = 继承自
Source of = 源自
Created on = 创建时间
Last modified on = 最近修改时间
Modified by = 修改者

No flows have been uploaded to this project yet = 这个项目还没有上传流程



































